app/build/outputs/logs/manifest-merger-release-report.txt
-- Merging decision tree log ---
manifest
ADDED from AndroidManifest.xml:2:1
	xmlns:android
		ADDED from AndroidManifest.xml:2:11
	package
		ADDED from AndroidManifest.xml:3:5
		INJECTED from AndroidManifest.xml:0:0
		INJECTED from AndroidManifest.xml:0:0
	android:versionName
		ADDED from AndroidManifest.xml:6:5
	android:versionCode
		ADDED from AndroidManifest.xml:5:5
		INJECTED from AndroidManifest.xml:0:0
		INJECTED from AndroidManifest.xml:0:0
	android:installLocation
		ADDED from AndroidManifest.xml:4:5
uses-sdk
ADDED from AndroidManifest.xml:8:5
MERGED from com.android.support:multidex:1.0.1:18:5
MERGED from com.diogobernardino:williamchart:2.0.1:6:5
MERGED from com.android.support:support-v4:21.0.3:15:5
MERGED from com.jjoe64:graphview:4.0.1:7:5
MERGED from com.android.support:support-v4:21.0.3:15:5
	android:targetSdkVersion
		ADDED from AndroidManifest.xml:10:9
		INJECTED from AndroidManifest.xml:0:0
		INJECTED from AndroidManifest.xml:0:0
	android:minSdkVersion
		ADDED from AndroidManifest.xml:9:9
		INJECTED from AndroidManifest.xml:0:0
		INJECTED from AndroidManifest.xml:0:0
compatible-screens
ADDED from AndroidManifest.xml:12:5
screen#large+ldpi
ADDED from AndroidManifest.xml:13:9
	android:screenSize
		ADDED from AndroidManifest.xml:15:13
	android:screenDensity
		ADDED from AndroidManifest.xml:14:13
screen#large+mdpi
ADDED from AndroidManifest.xml:16:9
	android:screenSize
		ADDED from AndroidManifest.xml:18:13
	android:screenDensity
		ADDED from AndroidManifest.xml:17:13
screen#large+hdpi
ADDED from AndroidManifest.xml:19:9
	android:screenSize
		ADDED from AndroidManifest.xml:21:13
	android:screenDensity
		ADDED from AndroidManifest.xml:20:13
screen#large+xhdpi
ADDED from AndroidManifest.xml:22:9
	android:screenSize
		ADDED from AndroidManifest.xml:24:13
	android:screenDensity
		ADDED from AndroidManifest.xml:23:13
screen#xlarge+ldpi
ADDED from AndroidManifest.xml:25:9
	android:screenSize
		ADDED from AndroidManifest.xml:27:13
	android:screenDensity
		ADDED from AndroidManifest.xml:26:13
screen#xlarge+mdpi
ADDED from AndroidManifest.xml:28:9
	android:screenSize
		ADDED from AndroidManifest.xml:30:13
	android:screenDensity
		ADDED from AndroidManifest.xml:29:13
screen#xlarge+hdpi
ADDED from AndroidManifest.xml:31:9
	android:screenSize
		ADDED from AndroidManifest.xml:33:13
	android:screenDensity
		ADDED from AndroidManifest.xml:32:13
screen#xlarge+xhdpi
ADDED from AndroidManifest.xml:34:9
	android:screenSize
		ADDED from AndroidManifest.xml:36:13
	android:screenDensity
		ADDED from AndroidManifest.xml:35:13
screen#large+213
ADDED from AndroidManifest.xml:39:9
	android:screenSize
		ADDED from AndroidManifest.xml:41:13
	android:screenDensity
		ADDED from AndroidManifest.xml:40:13
uses-permission#android.permission.INTERNET
ADDED from AndroidManifest.xml:44:5
	android:name
		ADDED from AndroidManifest.xml:44:22
uses-permission#android.permission.ACCESS_NETWORK_STATE
ADDED from AndroidManifest.xml:45:5
	android:name
		ADDED from AndroidManifest.xml:45:22
uses-permission#android.permission.WRITE_EXTERNAL_STORAGE
ADDED from AndroidManifest.xml:46:5
	android:name
		ADDED from AndroidManifest.xml:46:22
uses-permission#android.permission.BLUETOOTH
ADDED from AndroidManifest.xml:47:5
	android:name
		ADDED from AndroidManifest.xml:47:22
uses-permission#android.permission.BLUETOOTH_ADMIN
ADDED from AndroidManifest.xml:48:5
	android:name
		ADDED from AndroidManifest.xml:48:22
uses-permission#android.permission.RECORD_AUDIO
ADDED from AndroidManifest.xml:49:5
	android:name
		ADDED from AndroidManifest.xml:49:22
uses-permission#android.permission.BLUETOOTH_PRIVILEGED
ADDED from AndroidManifest.xml:50:5
	android:name
		ADDED from AndroidManifest.xml:50:22
uses-permission#android.permission.STORAGE
ADDED from AndroidManifest.xml:51:5
	android:name
		ADDED from AndroidManifest.xml:51:22
uses-permission#android.permission.READ_EXTERNAL_STORAGE
ADDED from AndroidManifest.xml:52:5
	android:name
		ADDED from AndroidManifest.xml:52:22
uses-feature#android.hardware.camera
ADDED from AndroidManifest.xml:54:5
	android:required
		ADDED from AndroidManifest.xml:56:9
	android:name
		ADDED from AndroidManifest.xml:55:9
application
ADDED from AndroidManifest.xml:62:5
MERGED from com.android.support:support-v4:21.0.3:16:5
MERGED from com.jjoe64:graphview:4.0.1:11:5
MERGED from com.android.support:support-v4:21.0.3:16:5
	android:label
		ADDED from AndroidManifest.xml:66:9
	android:icon
		ADDED from AndroidManifest.xml:65:9
	android:largeHeap
		ADDED from AndroidManifest.xml:67:9
	android:clearTaskOnLaunch
		ADDED from AndroidManifest.xml:64:9
	android:name
		ADDED from AndroidManifest.xml:63:9
activity#org.ei.telemedicine.view.activity.LoginActivity
ADDED from AndroidManifest.xml:68:9
	android:windowSoftInputMode
		ADDED from AndroidManifest.xml:73:13
	android:screenOrientation
		ADDED from AndroidManifest.xml:71:13
	android:theme
		ADDED from AndroidManifest.xml:72:13
	android:clearTaskOnLaunch
		ADDED from AndroidManifest.xml:70:13
	android:name
		ADDED from AndroidManifest.xml:69:13
intent-filter#android.intent.action.MAIN+android.intent.category.LAUNCHER
ADDED from AndroidManifest.xml:74:13
action#android.intent.action.MAIN
ADDED from AndroidManifest.xml:75:17
	android:name
		ADDED from AndroidManifest.xml:75:25
category#android.intent.category.LAUNCHER
ADDED from AndroidManifest.xml:77:17
	android:name
		ADDED from AndroidManifest.xml:77:27
activity#org.ei.telemedicine.view.activity.HomeActivity
ADDED from AndroidManifest.xml:80:9
	android:screenOrientation
		ADDED from AndroidManifest.xml:82:13
	android:name
		ADDED from AndroidManifest.xml:81:13
activity#org.ei.telemedicine.view.activity.ReportsActivity
ADDED from AndroidManifest.xml:83:9
	android:screenOrientation
		ADDED from AndroidManifest.xml:85:13
	android:theme
		ADDED from AndroidManifest.xml:86:13
	android:name
		ADDED from AndroidManifest.xml:84:13
activity#org.ei.telemedicine.view.activity.ReportIndicatorListViewActivity
ADDED from AndroidManifest.xml:87:9
	android:screenOrientation
		ADDED from AndroidManifest.xml:89:13
	android:theme
		ADDED from AndroidManifest.xml:90:13
	android:name
		ADDED from AndroidManifest.xml:88:13
activity#org.ei.telemedicine.view.activity.ReportIndicatorDetailActivity
ADDED from AndroidManifest.xml:91:9
	android:screenOrientation
		ADDED from AndroidManifest.xml:93:13
	android:theme
		ADDED from AndroidManifest.xml:94:13
	android:name
		ADDED from AndroidManifest.xml:92:13
activity#org.ei.telemedicine.view.activity.ReportIndicatorCaseListActivity
ADDED from AndroidManifest.xml:95:9
	android:screenOrientation
		ADDED from AndroidManifest.xml:97:13
	android:theme
		ADDED from AndroidManifest.xml:98:13
	android:name
		ADDED from AndroidManifest.xml:96:13
activity#org.ei.telemedicine.view.activity.EligibleCoupleDetailActivity
ADDED from AndroidManifest.xml:99:9
	android:screenOrientation
		ADDED from AndroidManifest.xml:101:13
	android:theme
		ADDED from AndroidManifest.xml:102:13
	android:name
		ADDED from AndroidManifest.xml:100:13
activity#org.ei.telemedicine.view.activity.ANCDetailActivity
ADDED from AndroidManifest.xml:103:9
	android:screenOrientation
		ADDED from AndroidManifest.xml:105:13
	android:theme
		ADDED from AndroidManifest.xml:106:13
	android:name
		ADDED from AndroidManifest.xml:104:13
activity#org.ei.telemedicine.view.activity.PNCDetailActivity
ADDED from AndroidManifest.xml:107:9
	android:screenOrientation
		ADDED from AndroidManifest.xml:109:13
	android:theme
		ADDED from AndroidManifest.xml:110:13
	android:name
		ADDED from AndroidManifest.xml:108:13
activity#org.ei.telemedicine.view.activity.ChildDetailActivity
ADDED from AndroidManifest.xml:111:9
	android:screenOrientation
		ADDED from AndroidManifest.xml:113:13
	android:theme
		ADDED from AndroidManifest.xml:114:13
	android:name
		ADDED from AndroidManifest.xml:112:13
activity#org.ei.telemedicine.view.activity.CameraLaunchActivity
ADDED from AndroidManifest.xml:115:9
	android:screenOrientation
		ADDED from AndroidManifest.xml:117:13
	android:theme
		ADDED from AndroidManifest.xml:118:13
	android:name
		ADDED from AndroidManifest.xml:116:13
activity#org.ei.telemedicine.view.activity.ECSmartRegisterActivity
ADDED from AndroidManifest.xml:119:9
	android:screenOrientation
		ADDED from AndroidManifest.xml:121:13
	android:theme
		ADDED from AndroidManifest.xml:122:13
	android:name
		ADDED from AndroidManifest.xml:120:13
activity#org.ei.telemedicine.view.activity.FPSmartRegisterActivity
ADDED from AndroidManifest.xml:123:9
	android:screenOrientation
		ADDED from AndroidManifest.xml:125:13
	android:theme
		ADDED from AndroidManifest.xml:126:13
	android:name
		ADDED from AndroidManifest.xml:124:13
activity#org.ei.telemedicine.view.activity.ANCSmartRegisterActivity
ADDED from AndroidManifest.xml:127:9
	android:screenOrientation
		ADDED from AndroidManifest.xml:129:13
	android:theme
		ADDED from AndroidManifest.xml:130:13
	android:name
		ADDED from AndroidManifest.xml:128:13
activity#org.ei.telemedicine.view.activity.PNCSmartRegisterActivity
ADDED from AndroidManifest.xml:131:9
	android:screenOrientation
		ADDED from AndroidManifest.xml:133:13
	android:theme
		ADDED from AndroidManifest.xml:134:13
	android:name
		ADDED from AndroidManifest.xml:132:13
activity#org.ei.telemedicine.view.activity.ChildSmartRegisterActivity
ADDED from AndroidManifest.xml:135:9
	android:screenOrientation
		ADDED from AndroidManifest.xml:137:13
	android:theme
		ADDED from AndroidManifest.xml:138:13
	android:name
		ADDED from AndroidManifest.xml:136:13
activity#org.ei.telemedicine.view.activity.FormActivity
ADDED from AndroidManifest.xml:139:9
	android:screenOrientation
		ADDED from AndroidManifest.xml:141:13
	android:theme
		ADDED from AndroidManifest.xml:142:13
	android:name
		ADDED from AndroidManifest.xml:140:13
activity#org.ei.telemedicine.view.activity.MicroFormActivity
ADDED from AndroidManifest.xml:143:9
	android:screenOrientation
		ADDED from AndroidManifest.xml:145:13
	android:theme
		ADDED from AndroidManifest.xml:146:13
	android:name
		ADDED from AndroidManifest.xml:144:13
activity#org.ei.telemedicine.view.activity.NativeECSmartRegisterActivity
ADDED from AndroidManifest.xml:147:9
	android:screenOrientation
		ADDED from AndroidManifest.xml:149:13
	android:theme
		ADDED from AndroidManifest.xml:150:13
	android:name
		ADDED from AndroidManifest.xml:148:13
activity#org.ei.telemedicine.view.activity.NativeChildSmartRegisterActivity
ADDED from AndroidManifest.xml:151:9
	android:screenOrientation
		ADDED from AndroidManifest.xml:153:13
	android:theme
		ADDED from AndroidManifest.xml:154:13
	android:name
		ADDED from AndroidManifest.xml:152:13
activity#org.ei.telemedicine.view.activity.NativeFPSmartRegisterActivity
ADDED from AndroidManifest.xml:155:9
	android:screenOrientation
		ADDED from AndroidManifest.xml:157:13
	android:theme
		ADDED from AndroidManifest.xml:158:13
	android:name
		ADDED from AndroidManifest.xml:156:13
activity#org.ei.telemedicine.view.activity.NativeANCSmartRegisterActivity
ADDED from AndroidManifest.xml:159:9
	android:screenOrientation
		ADDED from AndroidManifest.xml:161:13
	android:theme
		ADDED from AndroidManifest.xml:162:13
	android:name
		ADDED from AndroidManifest.xml:160:13
activity#org.ei.telemedicine.view.activity.NativePNCSmartRegisterActivity
ADDED from AndroidManifest.xml:163:9
	android:screenOrientation
		ADDED from AndroidManifest.xml:165:13
	android:theme
		ADDED from AndroidManifest.xml:166:13
	android:name
		ADDED from AndroidManifest.xml:164:13
activity#org.ei.telemedicine.view.activity.NativeHomeActivity
ADDED from AndroidManifest.xml:167:9
	android:screenOrientation
		ADDED from AndroidManifest.xml:169:13
	android:name
		ADDED from AndroidManifest.xml:168:13
activity#org.ei.telemedicine.view.activity.NativeSettingsActivity
ADDED from AndroidManifest.xml:172:9
	android:screenOrientation
		ADDED from AndroidManifest.xml:174:13
	android:name
		ADDED from AndroidManifest.xml:173:13
activity#org.ei.telemedicine.bluetooth.BlueToothInfoActivity
ADDED from AndroidManifest.xml:176:9
	android:windowSoftInputMode
		ADDED from AndroidManifest.xml:179:13
	android:screenOrientation
		ADDED from AndroidManifest.xml:178:13
	android:name
		ADDED from AndroidManifest.xml:177:13
activity#org.ei.telemedicine.doctor.DoctorANCScreenActivity
ADDED from AndroidManifest.xml:180:9
	android:screenOrientation
		ADDED from AndroidManifest.xml:182:13
	android:name
		ADDED from AndroidManifest.xml:181:13
activity#org.ei.telemedicine.doctor.DoctorPNCScreenActivity
ADDED from AndroidManifest.xml:183:9
	android:screenOrientation
		ADDED from AndroidManifest.xml:185:13
	android:name
		ADDED from AndroidManifest.xml:184:13
activity#org.ei.telemedicine.doctor.DoctorChildScreenActivity
ADDED from AndroidManifest.xml:186:9
	android:screenOrientation
		ADDED from AndroidManifest.xml:188:13
	android:name
		ADDED from AndroidManifest.xml:187:13
activity#org.ei.telemedicine.doctor.DoctorPlanofCareActivity
ADDED from AndroidManifest.xml:190:9
	android:screenOrientation
		ADDED from AndroidManifest.xml:192:13
	android:name
		ADDED from AndroidManifest.xml:191:13
activity#org.ei.telemedicine.view.activity.ViewPlanOfCareActivity
ADDED from AndroidManifest.xml:193:9
	android:screenOrientation
		ADDED from AndroidManifest.xml:195:13
	android:name
		ADDED from AndroidManifest.xml:194:13
activity#org.ei.telemedicine.doctor.NativeDoctorActivity
ADDED from AndroidManifest.xml:197:9
	android:screenOrientation
		ADDED from AndroidManifest.xml:199:13
	android:theme
		ADDED from AndroidManifest.xml:200:13
	android:name
		ADDED from AndroidManifest.xml:198:13
activity#org.ei.telemedicine.view.activity.NativeOverviewActivity
ADDED from AndroidManifest.xml:201:9
	android:screenOrientation
		ADDED from AndroidManifest.xml:203:13
	android:theme
		ADDED from AndroidManifest.xml:204:13
	android:name
		ADDED from AndroidManifest.xml:202:13
activity#org.ei.telemedicine.doctor.NativeGraphActivity
ADDED from AndroidManifest.xml:205:9
	android:screenOrientation
		ADDED from AndroidManifest.xml:207:13
	android:name
		ADDED from AndroidManifest.xml:206:13
activity#org.ei.telemedicine.view.activity.NativeANMPlanofCareActivity
ADDED from AndroidManifest.xml:208:9
	android:theme
		ADDED from AndroidManifest.xml:210:13
	android:name
		ADDED from AndroidManifest.xml:209:13
activity#org.ei.telemedicine.doctor.ViewPreVisitScreenActivity
ADDED from AndroidManifest.xml:213:9
	android:screenOrientation
		ADDED from AndroidManifest.xml:215:13
	android:name
		ADDED from AndroidManifest.xml:214:13
receiver#org.ei.telemedicine.view.receiver.SyncBroadcastReceiver
ADDED from AndroidManifest.xml:218:9
	android:name
		ADDED from AndroidManifest.xml:218:19
receiver#org.ei.telemedicine.view.receiver.ConnectivityChangeReceiver
ADDED from AndroidManifest.xml:219:9
	android:name
		ADDED from AndroidManifest.xml:219:19
intent-filter#android.net.conn.CONNECTIVITY_CHANGE
ADDED from AndroidManifest.xml:220:13
action#android.net.conn.CONNECTIVITY_CHANGE
ADDED from AndroidManifest.xml:221:17
	android:name
		ADDED from AndroidManifest.xml:221:25
activity#org.ei.telemedicine.view.activity.ActionActivity
ADDED from AndroidManifest.xml:225:9
	android:screenOrientation
		ADDED from AndroidManifest.xml:229:13
	android:label
		ADDED from AndroidManifest.xml:227:13
	android:theme
		ADDED from AndroidManifest.xml:228:13
	android:name
		ADDED from AndroidManifest.xml:226:13